<?xml version="1.0" encoding="UTF-8"?>
<coverage generated="1528052490">
  <project timestamp="1528052490">
    <package name="App\Console">
      <file name="/Users/mikey/sites/trackr/app/Console/Kernel.php">
        <class name="App\Console\Kernel" namespace="App\Console">
          <metrics complexity="2" methods="2" coveredmethods="2" conditionals="0" coveredconditionals="0" statements="4" coveredstatements="4" elements="6" coveredelements="6"/>
        </class>
        <line num="25" type="method" name="schedule" visibility="protected" complexity="1" crap="1" count="81"/>
        <line num="29" type="stmt" count="81"/>
        <line num="36" type="method" name="commands" visibility="protected" complexity="1" crap="1" count="81"/>
        <line num="38" type="stmt" count="81"/>
        <line num="40" type="stmt" count="81"/>
        <line num="41" type="stmt" count="81"/>
        <metrics loc="42" ncloc="20" classes="1" methods="2" coveredmethods="2" conditionals="0" coveredconditionals="0" statements="4" coveredstatements="4" elements="6" coveredelements="6"/>
      </file>
    </package>
    <package name="App\Events">
      <file name="/Users/mikey/sites/trackr/app/Events/TimeLogSaved.php">
        <class name="App\Events\TimeLogSaved" namespace="App\Events">
          <metrics complexity="4" methods="1" coveredmethods="1" conditionals="0" coveredconditionals="0" statements="8" coveredstatements="8" elements="9" coveredelements="9"/>
        </class>
        <line num="23" type="method" name="__construct" visibility="public" complexity="4" crap="4" count="15"/>
        <line num="25" type="stmt" count="15"/>
        <line num="28" type="stmt" count="15"/>
        <line num="29" type="stmt" count="1"/>
        <line num="30" type="stmt" count="14"/>
        <line num="31" type="stmt" count="1"/>
        <line num="32" type="stmt" count="13"/>
        <line num="33" type="stmt" count="1"/>
        <line num="35" type="stmt" count="15"/>
        <metrics loc="36" ncloc="29" classes="1" methods="1" coveredmethods="1" conditionals="0" coveredconditionals="0" statements="8" coveredstatements="8" elements="9" coveredelements="9"/>
      </file>
      <file name="/Users/mikey/sites/trackr/app/Events/UserSaved.php">
        <class name="App\Events\UserSaved" namespace="App\Events">
          <metrics complexity="1" methods="1" coveredmethods="1" conditionals="0" coveredconditionals="0" statements="5" coveredstatements="5" elements="6" coveredelements="6"/>
        </class>
        <line num="21" type="method" name="__construct" visibility="public" complexity="1" crap="1" count="70"/>
        <line num="23" type="stmt" count="70"/>
        <line num="24" type="stmt" count="70"/>
        <line num="25" type="stmt" count="70"/>
        <line num="26" type="stmt" count="70"/>
        <line num="28" type="stmt" count="70"/>
        <metrics loc="29" ncloc="24" classes="1" methods="1" coveredmethods="1" conditionals="0" coveredconditionals="0" statements="5" coveredstatements="5" elements="6" coveredelements="6"/>
      </file>
    </package>
    <package name="App\Exceptions">
      <file name="/Users/mikey/sites/trackr/app/Exceptions/Handler.php">
        <class name="App\Exceptions\Handler" namespace="App\Exceptions">
          <metrics complexity="2" methods="2" coveredmethods="2" conditionals="0" coveredconditionals="0" statements="3" coveredstatements="3" elements="5" coveredelements="5"/>
        </class>
        <line num="35" type="method" name="report" visibility="public" complexity="1" crap="1" count="16"/>
        <line num="37" type="stmt" count="16"/>
        <line num="38" type="stmt" count="16"/>
        <line num="47" type="method" name="render" visibility="public" complexity="1" crap="1" count="16"/>
        <line num="49" type="stmt" count="16"/>
        <metrics loc="51" ncloc="26" classes="1" methods="2" coveredmethods="2" conditionals="0" coveredconditionals="0" statements="3" coveredstatements="3" elements="5" coveredelements="5"/>
      </file>
    </package>
    <package name="App\Http\Controllers\Api">
      <file name="/Users/mikey/sites/trackr/app/Http/Controllers/Api/TimelogController.php">
        <class name="App\Http\Controllers\Api\TimelogController" namespace="App\Http\Controllers\Api">
          <metrics complexity="4" methods="2" coveredmethods="2" conditionals="0" coveredconditionals="0" statements="9" coveredstatements="9" elements="11" coveredelements="11"/>
        </class>
        <line num="11" type="method" name="__construct" visibility="public" complexity="1" crap="1" count="4"/>
        <line num="13" type="stmt" count="4"/>
        <line num="23" type="method" name="store" visibility="public" complexity="3" crap="3" count="3"/>
        <line num="25" type="stmt" count="3"/>
        <line num="26" type="stmt" count="1"/>
        <line num="29" type="stmt" count="2"/>
        <line num="30" type="stmt" count="2"/>
        <line num="31" type="stmt" count="2"/>
        <line num="34" type="stmt" count="2"/>
        <line num="35" type="stmt" count="1"/>
        <line num="38" type="stmt" count="1"/>
        <metrics loc="41" ncloc="34" classes="1" methods="2" coveredmethods="2" conditionals="0" coveredconditionals="0" statements="9" coveredstatements="9" elements="11" coveredelements="11"/>
      </file>
    </package>
    <package name="App\Http\Controllers\Auth">
      <file name="/Users/mikey/sites/trackr/app/Http/Controllers/Auth/ForgotPasswordController.php">
        <class name="App\Http\Controllers\Auth\ForgotPasswordController" namespace="App\Http\Controllers\Auth">
          <metrics complexity="1" methods="1" coveredmethods="1" conditionals="0" coveredconditionals="0" statements="2" coveredstatements="2" elements="3" coveredelements="3"/>
        </class>
        <line num="28" type="method" name="__construct" visibility="public" complexity="1" crap="1" count="1"/>
        <line num="30" type="stmt" count="1"/>
        <line num="31" type="stmt" count="1"/>
        <metrics loc="32" ncloc="17" classes="1" methods="1" coveredmethods="1" conditionals="0" coveredconditionals="0" statements="2" coveredstatements="2" elements="3" coveredelements="3"/>
      </file>
      <file name="/Users/mikey/sites/trackr/app/Http/Controllers/Auth/LoginController.php">
        <class name="App\Http\Controllers\Auth\LoginController" namespace="App\Http\Controllers\Auth">
          <metrics complexity="1" methods="1" coveredmethods="1" conditionals="0" coveredconditionals="0" statements="2" coveredstatements="2" elements="3" coveredelements="3"/>
        </class>
        <line num="35" type="method" name="__construct" visibility="public" complexity="1" crap="1" count="2"/>
        <line num="37" type="stmt" count="2"/>
        <line num="38" type="stmt" count="2"/>
        <metrics loc="39" ncloc="19" classes="1" methods="1" coveredmethods="1" conditionals="0" coveredconditionals="0" statements="2" coveredstatements="2" elements="3" coveredelements="3"/>
      </file>
      <file name="/Users/mikey/sites/trackr/app/Http/Controllers/Auth/RegisterController.php">
        <class name="App\Http\Controllers\Auth\RegisterController" namespace="App\Http\Controllers\Auth">
          <metrics complexity="3" methods="3" coveredmethods="3" conditionals="0" coveredconditionals="0" statements="8" coveredstatements="8" elements="11" coveredelements="11"/>
        </class>
        <line num="38" type="method" name="__construct" visibility="public" complexity="1" crap="1" count="2"/>
        <line num="40" type="stmt" count="2"/>
        <line num="41" type="stmt" count="2"/>
        <line num="49" type="method" name="validator" visibility="protected" complexity="1" crap="1" count="1"/>
        <line num="51" type="stmt" count="1"/>
        <line num="52" type="stmt" count="1"/>
        <line num="65" type="method" name="create" visibility="protected" complexity="1" crap="1" count="1"/>
        <line num="67" type="stmt" count="1"/>
        <line num="68" type="stmt" count="1"/>
        <line num="69" type="stmt" count="1"/>
        <line num="70" type="stmt" count="1"/>
        <metrics loc="73" ncloc="41" classes="1" methods="3" coveredmethods="3" conditionals="0" coveredconditionals="0" statements="8" coveredstatements="8" elements="11" coveredelements="11"/>
      </file>
      <file name="/Users/mikey/sites/trackr/app/Http/Controllers/Auth/ResetPasswordController.php">
        <class name="App\Http\Controllers\Auth\ResetPasswordController" namespace="App\Http\Controllers\Auth">
          <metrics complexity="1" methods="1" coveredmethods="1" conditionals="0" coveredconditionals="0" statements="2" coveredstatements="2" elements="3" coveredelements="3"/>
        </class>
        <line num="35" type="method" name="__construct" visibility="public" complexity="1" crap="1" count="1"/>
        <line num="37" type="stmt" count="1"/>
        <line num="38" type="stmt" count="1"/>
        <metrics loc="39" ncloc="19" classes="1" methods="1" coveredmethods="1" conditionals="0" coveredconditionals="0" statements="2" coveredstatements="2" elements="3" coveredelements="3"/>
      </file>
    </package>
    <package name="App\Http\Controllers">
      <file name="/Users/mikey/sites/trackr/app/Http/Controllers/Controller.php">
        <class name="App\Http\Controllers\Controller" namespace="App\Http\Controllers">
          <metrics complexity="0" methods="0" coveredmethods="0" conditionals="0" coveredconditionals="0" statements="0" coveredstatements="0" elements="0" coveredelements="0"/>
        </class>
        <metrics loc="14" ncloc="14" classes="0" methods="0" coveredmethods="0" conditionals="0" coveredconditionals="0" statements="0" coveredstatements="0" elements="0" coveredelements="0"/>
      </file>
      <file name="/Users/mikey/sites/trackr/app/Http/Controllers/HomeController.php">
        <class name="App\Http\Controllers\HomeController" namespace="App\Http\Controllers">
          <metrics complexity="2" methods="2" coveredmethods="2" conditionals="0" coveredconditionals="0" statements="6" coveredstatements="6" elements="8" coveredelements="8"/>
        </class>
        <line num="14" type="method" name="__construct" visibility="public" complexity="1" crap="1" count="2"/>
        <line num="16" type="stmt" count="2"/>
        <line num="17" type="stmt" count="2"/>
        <line num="24" type="method" name="index" visibility="public" complexity="1" crap="1" count="1"/>
        <line num="26" type="stmt" count="1"/>
        <line num="27" type="stmt" count="1"/>
        <line num="29" type="stmt" count="1"/>
        <line num="31" type="stmt" count="1"/>
        <metrics loc="33" ncloc="23" classes="1" methods="2" coveredmethods="2" conditionals="0" coveredconditionals="0" statements="6" coveredstatements="6" elements="8" coveredelements="8"/>
      </file>
      <file name="/Users/mikey/sites/trackr/app/Http/Controllers/ProjectMilestoneController.php">
        <class name="App\Http\Controllers\ProjectMilestoneController" namespace="App\Http\Controllers">
          <metrics complexity="14" methods="7" coveredmethods="7" conditionals="0" coveredconditionals="0" statements="36" coveredstatements="36" elements="43" coveredelements="43"/>
        </class>
        <line num="11" type="method" name="__construct" visibility="public" complexity="1" crap="1" count="16"/>
        <line num="13" type="stmt" count="16"/>
        <line num="14" type="stmt" count="16"/>
        <line num="21" type="method" name="create" visibility="public" complexity="2" crap="2" count="2"/>
        <line num="23" type="stmt" count="2"/>
        <line num="24" type="stmt" count="1"/>
        <line num="27" type="stmt" count="1"/>
        <line num="28" type="stmt" count="1"/>
        <line num="30" type="stmt" count="1"/>
        <line num="39" type="method" name="store" visibility="public" complexity="2" crap="2" count="1"/>
        <line num="41" type="stmt" count="1"/>
        <line num="42" type="stmt" count="1"/>
        <line num="45" type="stmt" count="1"/>
        <line num="46" type="stmt" count="1"/>
        <line num="47" type="stmt" count="1"/>
        <line num="48" type="stmt" count="1"/>
        <line num="51" type="stmt" count="1"/>
        <line num="61" type="method" name="edit" visibility="public" complexity="2" crap="2" count="2"/>
        <line num="63" type="stmt" count="2"/>
        <line num="64" type="stmt" count="1"/>
        <line num="67" type="stmt" count="1"/>
        <line num="68" type="stmt" count="1"/>
        <line num="70" type="stmt" count="1"/>
        <line num="81" type="method" name="update" visibility="public" complexity="3" crap="3" count="2"/>
        <line num="83" type="stmt" count="2"/>
        <line num="84" type="stmt" count="1"/>
        <line num="87" type="stmt" count="1"/>
        <line num="88" type="stmt" count="1"/>
        <line num="91" type="stmt" count="1"/>
        <line num="92" type="stmt" count="1"/>
        <line num="93" type="stmt" count="1"/>
        <line num="96" type="stmt" count="1"/>
        <line num="107" type="method" name="complete" visibility="public" complexity="2" crap="2" count="2"/>
        <line num="109" type="stmt" count="2"/>
        <line num="110" type="stmt" count="1"/>
        <line num="113" type="stmt" count="1"/>
        <line num="114" type="stmt" count="1"/>
        <line num="117" type="stmt" count="1"/>
        <line num="127" type="method" name="destroy" visibility="public" complexity="2" crap="2" count="2"/>
        <line num="129" type="stmt" count="2"/>
        <line num="130" type="stmt" count="1"/>
        <line num="133" type="stmt" count="1"/>
        <line num="135" type="stmt" count="1"/>
        <metrics loc="137" ncloc="96" classes="1" methods="7" coveredmethods="7" conditionals="0" coveredconditionals="0" statements="36" coveredstatements="36" elements="43" coveredelements="43"/>
      </file>
      <file name="/Users/mikey/sites/trackr/app/Http/Controllers/ProjectsController.php">
        <class name="App\Http\Controllers\ProjectsController" namespace="App\Http\Controllers">
          <metrics complexity="12" methods="8" coveredmethods="8" conditionals="0" coveredconditionals="0" statements="33" coveredstatements="33" elements="41" coveredelements="41"/>
        </class>
        <line num="13" type="method" name="__construct" visibility="public" complexity="1" crap="1" count="18"/>
        <line num="15" type="stmt" count="18"/>
        <line num="16" type="stmt" count="18"/>
        <line num="23" type="method" name="index" visibility="public" complexity="1" crap="1" count="1"/>
        <line num="25" type="stmt" count="1"/>
        <line num="26" type="stmt" count="1"/>
        <line num="28" type="stmt" count="1"/>
        <line num="30" type="stmt" count="1"/>
        <line num="39" type="method" name="show" visibility="public" complexity="2" crap="2" count="2"/>
        <line num="41" type="stmt" count="2"/>
        <line num="42" type="stmt" count="1"/>
        <line num="45" type="stmt" count="1"/>
        <line num="46" type="stmt" count="1"/>
        <line num="48" type="stmt" count="1"/>
        <line num="56" type="method" name="create" visibility="public" complexity="1" crap="1" count="1"/>
        <line num="58" type="stmt" count="1"/>
        <line num="59" type="stmt" count="1"/>
        <line num="61" type="stmt" count="1"/>
        <line num="70" type="method" name="store" visibility="public" complexity="1" crap="1" count="1"/>
        <line num="72" type="stmt" count="1"/>
        <line num="73" type="stmt" count="1"/>
        <line num="78" type="stmt" count="1"/>
        <line num="80" type="stmt" count="1"/>
        <line num="89" type="method" name="edit" visibility="public" complexity="2" crap="2" count="2"/>
        <line num="91" type="stmt" count="2"/>
        <line num="92" type="stmt" count="1"/>
        <line num="95" type="stmt" count="1"/>
        <line num="96" type="stmt" count="1"/>
        <line num="99" type="stmt" count="1"/>
        <line num="109" type="method" name="update" visibility="public" complexity="2" crap="2" count="2"/>
        <line num="111" type="stmt" count="2"/>
        <line num="112" type="stmt" count="1"/>
        <line num="115" type="stmt" count="1"/>
        <line num="116" type="stmt" count="1"/>
        <line num="121" type="stmt" count="1"/>
        <line num="123" type="stmt" count="1"/>
        <line num="132" type="method" name="destroy" visibility="public" complexity="2" crap="2" count="2"/>
        <line num="134" type="stmt" count="2"/>
        <line num="135" type="stmt" count="1"/>
        <line num="138" type="stmt" count="1"/>
        <line num="140" type="stmt" count="1"/>
        <metrics loc="142" ncloc="98" classes="1" methods="8" coveredmethods="8" conditionals="0" coveredconditionals="0" statements="33" coveredstatements="33" elements="41" coveredelements="41"/>
      </file>
      <file name="/Users/mikey/sites/trackr/app/Http/Controllers/SitemapController.php">
        <class name="App\Http\Controllers\SitemapController" namespace="App\Http\Controllers">
          <metrics complexity="2" methods="2" coveredmethods="2" conditionals="0" coveredconditionals="0" statements="2" coveredstatements="2" elements="4" coveredelements="4"/>
        </class>
        <line num="9" type="method" name="index" visibility="public" complexity="1" crap="1" count="1"/>
        <line num="11" type="stmt" count="1"/>
        <line num="14" type="method" name="show" visibility="public" complexity="1" crap="1" count="1"/>
        <line num="16" type="stmt" count="1"/>
        <metrics loc="18" ncloc="18" classes="1" methods="2" coveredmethods="2" conditionals="0" coveredconditionals="0" statements="2" coveredstatements="2" elements="4" coveredelements="4"/>
      </file>
      <file name="/Users/mikey/sites/trackr/app/Http/Controllers/TimelogController.php">
        <class name="App\Http\Controllers\TimelogController" namespace="App\Http\Controllers">
          <metrics complexity="3" methods="2" coveredmethods="2" conditionals="0" coveredconditionals="0" statements="7" coveredstatements="7" elements="9" coveredelements="9"/>
        </class>
        <line num="13" type="method" name="__construct" visibility="public" complexity="1" crap="1" count="3"/>
        <line num="15" type="stmt" count="3"/>
        <line num="16" type="stmt" count="3"/>
        <line num="24" type="method" name="show" visibility="public" complexity="2" crap="2" count="2"/>
        <line num="26" type="stmt" count="2"/>
        <line num="27" type="stmt" count="1"/>
        <line num="30" type="stmt" count="1"/>
        <line num="31" type="stmt" count="1"/>
        <line num="33" type="stmt" count="1"/>
        <metrics loc="35" ncloc="26" classes="1" methods="2" coveredmethods="2" conditionals="0" coveredconditionals="0" statements="7" coveredstatements="7" elements="9" coveredelements="9"/>
      </file>
      <file name="/Users/mikey/sites/trackr/app/Http/Controllers/UserSettingsController.php">
        <class name="App\Http\Controllers\UserSettingsController" namespace="App\Http\Controllers">
          <metrics complexity="3" methods="3" coveredmethods="3" conditionals="0" coveredconditionals="0" statements="11" coveredstatements="11" elements="14" coveredelements="14"/>
        </class>
        <line num="10" type="method" name="__construct" visibility="public" complexity="1" crap="1" count="3"/>
        <line num="12" type="stmt" count="3"/>
        <line num="13" type="stmt" count="3"/>
        <line num="20" type="method" name="index" visibility="public" complexity="1" crap="1" count="1"/>
        <line num="22" type="stmt" count="1"/>
        <line num="23" type="stmt" count="1"/>
        <line num="25" type="stmt" count="1"/>
        <line num="34" type="method" name="store" visibility="public" complexity="1" crap="1" count="1"/>
        <line num="36" type="stmt" count="1"/>
        <line num="37" type="stmt" count="1"/>
        <line num="40" type="stmt" count="1"/>
        <line num="41" type="stmt" count="1"/>
        <line num="42" type="stmt" count="1"/>
        <line num="45" type="stmt" count="1"/>
        <metrics loc="47" ncloc="36" classes="1" methods="3" coveredmethods="3" conditionals="0" coveredconditionals="0" statements="11" coveredstatements="11" elements="14" coveredelements="14"/>
      </file>
    </package>
    <package name="App\Http">
      <file name="/Users/mikey/sites/trackr/app/Http/Kernel.php">
        <class name="App\Http\Kernel" namespace="App\Http">
          <metrics complexity="0" methods="0" coveredmethods="0" conditionals="0" coveredconditionals="0" statements="0" coveredstatements="0" elements="0" coveredelements="0"/>
        </class>
        <metrics loc="70" ncloc="47" classes="0" methods="0" coveredmethods="0" conditionals="0" coveredconditionals="0" statements="0" coveredstatements="0" elements="0" coveredelements="0"/>
      </file>
    </package>
    <package name="App\Http\Middleware">
      <file name="/Users/mikey/sites/trackr/app/Http/Middleware/EncryptCookies.php">
        <class name="App\Http\Middleware\EncryptCookies" namespace="App\Http\Middleware">
          <metrics complexity="0" methods="0" coveredmethods="0" conditionals="0" coveredconditionals="0" statements="0" coveredstatements="0" elements="0" coveredelements="0"/>
        </class>
        <metrics loc="17" ncloc="10" classes="0" methods="0" coveredmethods="0" conditionals="0" coveredconditionals="0" statements="0" coveredstatements="0" elements="0" coveredelements="0"/>
      </file>
      <file name="/Users/mikey/sites/trackr/app/Http/Middleware/RedirectIfAuthenticated.php">
        <class name="App\Http\Middleware\RedirectIfAuthenticated" namespace="App\Http\Middleware">
          <metrics complexity="2" methods="1" coveredmethods="1" conditionals="0" coveredconditionals="0" statements="3" coveredstatements="3" elements="4" coveredelements="4"/>
        </class>
        <line num="18" type="method" name="handle" visibility="public" complexity="2" crap="2" count="6"/>
        <line num="20" type="stmt" count="6"/>
        <line num="21" type="stmt" count="3"/>
        <line num="24" type="stmt" count="3"/>
        <metrics loc="26" ncloc="18" classes="1" methods="1" coveredmethods="1" conditionals="0" coveredconditionals="0" statements="3" coveredstatements="3" elements="4" coveredelements="4"/>
      </file>
      <file name="/Users/mikey/sites/trackr/app/Http/Middleware/TrimStrings.php">
        <class name="App\Http\Middleware\TrimStrings" namespace="App\Http\Middleware">
          <metrics complexity="0" methods="0" coveredmethods="0" conditionals="0" coveredconditionals="0" statements="0" coveredstatements="0" elements="0" coveredelements="0"/>
        </class>
        <metrics loc="18" ncloc="13" classes="0" methods="0" coveredmethods="0" conditionals="0" coveredconditionals="0" statements="0" coveredstatements="0" elements="0" coveredelements="0"/>
      </file>
      <file name="/Users/mikey/sites/trackr/app/Http/Middleware/TrustProxies.php">
        <class name="App\Http\Middleware\TrustProxies" namespace="App\Http\Middleware">
          <metrics complexity="0" methods="0" coveredmethods="0" conditionals="0" coveredconditionals="0" statements="0" coveredstatements="0" elements="0" coveredelements="0"/>
        </class>
        <metrics loc="23" ncloc="13" classes="0" methods="0" coveredmethods="0" conditionals="0" coveredconditionals="0" statements="0" coveredstatements="0" elements="0" coveredelements="0"/>
      </file>
      <file name="/Users/mikey/sites/trackr/app/Http/Middleware/VerifyCsrfToken.php">
        <class name="App\Http\Middleware\VerifyCsrfToken" namespace="App\Http\Middleware">
          <metrics complexity="0" methods="0" coveredmethods="0" conditionals="0" coveredconditionals="0" statements="0" coveredstatements="0" elements="0" coveredelements="0"/>
        </class>
        <metrics loc="17" ncloc="10" classes="0" methods="0" coveredmethods="0" conditionals="0" coveredconditionals="0" statements="0" coveredstatements="0" elements="0" coveredelements="0"/>
      </file>
    </package>
    <file name="/Users/mikey/sites/trackr/app/Http/helpers.php">
      <line num="5" type="stmt" count="8"/>
      <line num="8" type="stmt" count="8"/>
      <line num="14" type="stmt" count="8"/>
      <line num="15" type="stmt" count="8"/>
      <line num="16" type="stmt" count="8"/>
      <line num="17" type="stmt" count="8"/>
      <line num="18" type="stmt" count="8"/>
      <line num="22" type="stmt" count="8"/>
      <metrics loc="23" ncloc="23" classes="0" methods="0" coveredmethods="0" conditionals="0" coveredconditionals="0" statements="8" coveredstatements="8" elements="8" coveredelements="8"/>
    </file>
    <package name="App\Notifications">
      <file name="/Users/mikey/sites/trackr/app/Notifications/ProjectIsAtEightyPercentTime.php">
        <class name="App\Notifications\ProjectIsAtEightyPercentTime" namespace="App\Notifications">
          <metrics complexity="4" methods="4" coveredmethods="4" conditionals="0" coveredconditionals="0" statements="14" coveredstatements="14" elements="18" coveredelements="18"/>
        </class>
        <line num="22" type="method" name="__construct" visibility="public" complexity="1" crap="1" count="1"/>
        <line num="24" type="stmt" count="1"/>
        <line num="25" type="stmt" count="1"/>
        <line num="26" type="stmt" count="1"/>
        <line num="34" type="method" name="via" visibility="public" complexity="1" crap="1" count="1"/>
        <line num="37" type="stmt" count="1"/>
        <line num="46" type="method" name="toMail" visibility="public" complexity="1" crap="1" count="1"/>
        <line num="48" type="stmt" count="1"/>
        <line num="49" type="stmt" count="1"/>
        <line num="50" type="stmt" count="1"/>
        <line num="51" type="stmt" count="1"/>
        <line num="52" type="stmt" count="1"/>
        <line num="53" type="stmt" count="1"/>
        <line num="62" type="method" name="toArray" visibility="public" complexity="1" crap="1" count="1"/>
        <line num="65" type="stmt" count="1"/>
        <line num="66" type="stmt" count="1"/>
        <line num="67" type="stmt" count="1"/>
        <line num="68" type="stmt" count="1"/>
        <metrics loc="71" ncloc="46" classes="1" methods="4" coveredmethods="4" conditionals="0" coveredconditionals="0" statements="14" coveredstatements="14" elements="18" coveredelements="18"/>
      </file>
      <file name="/Users/mikey/sites/trackr/app/Notifications/ProjectIsAtFiftyPercentTime.php">
        <class name="App\Notifications\ProjectIsAtFiftyPercentTime" namespace="App\Notifications">
          <metrics complexity="4" methods="4" coveredmethods="4" conditionals="0" coveredconditionals="0" statements="14" coveredstatements="14" elements="18" coveredelements="18"/>
        </class>
        <line num="22" type="method" name="__construct" visibility="public" complexity="1" crap="1" count="1"/>
        <line num="24" type="stmt" count="1"/>
        <line num="25" type="stmt" count="1"/>
        <line num="26" type="stmt" count="1"/>
        <line num="34" type="method" name="via" visibility="public" complexity="1" crap="1" count="1"/>
        <line num="37" type="stmt" count="1"/>
        <line num="46" type="method" name="toMail" visibility="public" complexity="1" crap="1" count="1"/>
        <line num="48" type="stmt" count="1"/>
        <line num="49" type="stmt" count="1"/>
        <line num="50" type="stmt" count="1"/>
        <line num="51" type="stmt" count="1"/>
        <line num="52" type="stmt" count="1"/>
        <line num="53" type="stmt" count="1"/>
        <line num="62" type="method" name="toArray" visibility="public" complexity="1" crap="1" count="1"/>
        <line num="65" type="stmt" count="1"/>
        <line num="66" type="stmt" count="1"/>
        <line num="67" type="stmt" count="1"/>
        <line num="68" type="stmt" count="1"/>
        <metrics loc="71" ncloc="46" classes="1" methods="4" coveredmethods="4" conditionals="0" coveredconditionals="0" statements="14" coveredstatements="14" elements="18" coveredelements="18"/>
      </file>
      <file name="/Users/mikey/sites/trackr/app/Notifications/ProjectIsAtOneHundredPercentTime.php">
        <class name="App\Notifications\ProjectIsAtOneHundredPercentTime" namespace="App\Notifications">
          <metrics complexity="4" methods="4" coveredmethods="4" conditionals="0" coveredconditionals="0" statements="14" coveredstatements="14" elements="18" coveredelements="18"/>
        </class>
        <line num="22" type="method" name="__construct" visibility="public" complexity="1" crap="1" count="1"/>
        <line num="24" type="stmt" count="1"/>
        <line num="25" type="stmt" count="1"/>
        <line num="26" type="stmt" count="1"/>
        <line num="34" type="method" name="via" visibility="public" complexity="1" crap="1" count="1"/>
        <line num="37" type="stmt" count="1"/>
        <line num="46" type="method" name="toMail" visibility="public" complexity="1" crap="1" count="1"/>
        <line num="48" type="stmt" count="1"/>
        <line num="49" type="stmt" count="1"/>
        <line num="50" type="stmt" count="1"/>
        <line num="51" type="stmt" count="1"/>
        <line num="52" type="stmt" count="1"/>
        <line num="53" type="stmt" count="1"/>
        <line num="62" type="method" name="toArray" visibility="public" complexity="1" crap="1" count="1"/>
        <line num="65" type="stmt" count="1"/>
        <line num="66" type="stmt" count="1"/>
        <line num="67" type="stmt" count="1"/>
        <line num="68" type="stmt" count="1"/>
        <metrics loc="71" ncloc="46" classes="1" methods="4" coveredmethods="4" conditionals="0" coveredconditionals="0" statements="14" coveredstatements="14" elements="18" coveredelements="18"/>
      </file>
    </package>
    <package name="App\Policies">
      <file name="/Users/mikey/sites/trackr/app/Policies/ProjectPolicy.php">
        <class name="App\Policies\ProjectPolicy" namespace="App\Policies">
          <metrics complexity="3" methods="3" coveredmethods="3" conditionals="0" coveredconditionals="0" statements="3" coveredstatements="3" elements="6" coveredelements="6"/>
        </class>
        <line num="20" type="method" name="view" visibility="public" complexity="1" crap="1" count="4"/>
        <line num="22" type="stmt" count="4"/>
        <line num="32" type="method" name="update" visibility="public" complexity="1" crap="1" count="15"/>
        <line num="34" type="stmt" count="15"/>
        <line num="44" type="method" name="delete" visibility="public" complexity="1" crap="1" count="4"/>
        <line num="46" type="stmt" count="4"/>
        <metrics loc="48" ncloc="27" classes="1" methods="3" coveredmethods="3" conditionals="0" coveredconditionals="0" statements="3" coveredstatements="3" elements="6" coveredelements="6"/>
      </file>
    </package>
    <package name="App\Primitives">
      <file name="/Users/mikey/sites/trackr/app/Primitives/Money.php">
        <class name="App\Primitives\Money" namespace="App\Primitives">
          <metrics complexity="6" methods="6" coveredmethods="6" conditionals="0" coveredconditionals="0" statements="7" coveredstatements="7" elements="13" coveredelements="13"/>
        </class>
        <line num="9" type="method" name="__construct" visibility="private" complexity="1" crap="1" count="73"/>
        <line num="11" type="stmt" count="73"/>
        <line num="12" type="stmt" count="73"/>
        <line num="14" type="method" name="fromPounds" visibility="public" complexity="1" crap="1" count="71"/>
        <line num="16" type="stmt" count="71"/>
        <line num="19" type="method" name="fromPence" visibility="public" complexity="1" crap="1" count="9"/>
        <line num="21" type="stmt" count="9"/>
        <line num="24" type="method" name="inPence" visibility="public" complexity="1" crap="1" count="71"/>
        <line num="26" type="stmt" count="71"/>
        <line num="29" type="method" name="inPounds" visibility="public" complexity="1" crap="1" count="1"/>
        <line num="31" type="stmt" count="1"/>
        <line num="34" type="method" name="inPoundsAndPence" visibility="public" complexity="1" crap="1" count="8"/>
        <line num="36" type="stmt" count="8"/>
        <metrics loc="38" ncloc="38" classes="1" methods="6" coveredmethods="6" conditionals="0" coveredconditionals="0" statements="7" coveredstatements="7" elements="13" coveredelements="13"/>
      </file>
    </package>
    <package name="App">
      <file name="/Users/mikey/sites/trackr/app/Project.php">
        <class name="App\Project" namespace="App">
          <metrics complexity="15" methods="15" coveredmethods="15" conditionals="0" coveredconditionals="0" statements="19" coveredstatements="19" elements="34" coveredelements="34"/>
        </class>
        <line num="25" type="method" name="sluggable" visibility="public" complexity="1" crap="1" count="60"/>
        <line num="28" type="stmt" count="60"/>
        <line num="38" type="method" name="getRouteKeyName" visibility="public" complexity="1" crap="1" count="42"/>
        <line num="40" type="stmt" count="42"/>
        <line num="48" type="method" name="url" visibility="public" complexity="1" crap="1" count="2"/>
        <line num="50" type="stmt" count="2"/>
        <line num="58" type="method" name="timelogs" visibility="public" complexity="1" crap="1" count="40"/>
        <line num="60" type="stmt" count="40"/>
        <line num="68" type="method" name="milestones" visibility="public" complexity="1" crap="1" count="6"/>
        <line num="70" type="stmt" count="6"/>
        <line num="78" type="method" name="user" visibility="public" complexity="1" crap="1" count="8"/>
        <line num="80" type="stmt" count="8"/>
        <line num="86" type="method" name="setTotalSecondsAttribute" visibility="public" complexity="1" crap="1" count="61"/>
        <line num="89" type="stmt" count="61"/>
        <line num="93" type="stmt" count="61"/>
        <line num="100" type="method" name="getTotalSecondsAttribute" visibility="public" complexity="1" crap="1" count="11"/>
        <line num="103" type="stmt" count="11"/>
        <line num="114" type="method" name="getTimeEstimatedAttribute" visibility="public" complexity="1" crap="1" count="4"/>
        <line num="116" type="stmt" count="4"/>
        <line num="124" type="method" name="getTimeLoggedAttribute" visibility="public" complexity="1" crap="1" count="1"/>
        <line num="126" type="stmt" count="1"/>
        <line num="134" type="method" name="getTimeLoggedSecondsAttribute" visibility="public" complexity="1" crap="1" count="17"/>
        <line num="136" type="stmt" count="17"/>
        <line num="144" type="method" name="getPercentageTakenAttribute" visibility="public" complexity="1" crap="1" count="17"/>
        <line num="146" type="stmt" count="17"/>
        <line num="147" type="stmt" count="17"/>
        <line num="149" type="stmt" count="17"/>
        <line num="157" type="method" name="getPercentageRemainingAttribute" visibility="public" complexity="1" crap="1" count="4"/>
        <line num="159" type="stmt" count="4"/>
        <line num="167" type="method" name="getCompletedMilestonesAttribute" visibility="public" complexity="1" crap="1" count="4"/>
        <line num="169" type="stmt" count="4"/>
        <line num="177" type="method" name="getTotalCostQuotedAttribute" visibility="public" complexity="1" crap="1" count="4"/>
        <line num="179" type="stmt" count="4"/>
        <line num="180" type="stmt" count="4"/>
        <metrics loc="182" ncloc="93" classes="1" methods="15" coveredmethods="15" conditionals="0" coveredconditionals="0" statements="19" coveredstatements="19" elements="34" coveredelements="34"/>
      </file>
      <file name="/Users/mikey/sites/trackr/app/ProjectMilestone.php">
        <class name="App\ProjectMilestone" namespace="App">
          <metrics complexity="2" methods="2" coveredmethods="2" conditionals="0" coveredconditionals="0" statements="2" coveredstatements="2" elements="4" coveredelements="4"/>
        </class>
        <line num="23" type="method" name="project" visibility="public" complexity="1" crap="1" count="1"/>
        <line num="25" type="stmt" count="1"/>
        <line num="33" type="method" name="user" visibility="public" complexity="1" crap="1" count="1"/>
        <line num="35" type="stmt" count="1"/>
        <metrics loc="37" ncloc="25" classes="1" methods="2" coveredmethods="2" conditionals="0" coveredconditionals="0" statements="2" coveredstatements="2" elements="4" coveredelements="4"/>
      </file>
      <file name="/Users/mikey/sites/trackr/app/TimeLog.php">
        <class name="App\TimeLog" namespace="App">
          <metrics complexity="3" methods="3" coveredmethods="3" conditionals="0" coveredconditionals="0" statements="3" coveredstatements="3" elements="6" coveredelements="6"/>
        </class>
        <line num="29" type="method" name="project" visibility="public" complexity="1" crap="1" count="15"/>
        <line num="31" type="stmt" count="15"/>
        <line num="39" type="method" name="user" visibility="public" complexity="1" crap="1" count="1"/>
        <line num="41" type="stmt" count="1"/>
        <line num="49" type="method" name="getNumberOfSecondsForHumansAttribute" visibility="public" complexity="1" crap="1" count="4"/>
        <line num="51" type="stmt" count="4"/>
        <metrics loc="53" ncloc="32" classes="1" methods="3" coveredmethods="3" conditionals="0" coveredconditionals="0" statements="3" coveredstatements="3" elements="6" coveredelements="6"/>
      </file>
      <file name="/Users/mikey/sites/trackr/app/User.php">
        <class name="App\User" namespace="App">
          <metrics complexity="5" methods="5" coveredmethods="5" conditionals="0" coveredconditionals="0" statements="5" coveredstatements="5" elements="10" coveredelements="10"/>
        </class>
        <line num="45" type="method" name="projects" visibility="public" complexity="1" crap="1" count="4"/>
        <line num="47" type="stmt" count="4"/>
        <line num="55" type="method" name="timelogs" visibility="public" complexity="1" crap="1" count="1"/>
        <line num="57" type="stmt" count="1"/>
        <line num="65" type="method" name="settings" visibility="public" complexity="1" crap="1" count="9"/>
        <line num="67" type="stmt" count="9"/>
        <line num="75" type="method" name="milestones" visibility="public" complexity="1" crap="1" count="1"/>
        <line num="77" type="stmt" count="1"/>
        <line num="85" type="method" name="getTotalTimeLoggedAttribute" visibility="public" complexity="1" crap="1" count="1"/>
        <line num="87" type="stmt" count="1"/>
        <metrics loc="89" ncloc="49" classes="1" methods="5" coveredmethods="5" conditionals="0" coveredconditionals="0" statements="5" coveredstatements="5" elements="10" coveredelements="10"/>
      </file>
      <file name="/Users/mikey/sites/trackr/app/UserSetting.php">
        <class name="App\UserSetting" namespace="App">
          <metrics complexity="2" methods="2" coveredmethods="2" conditionals="0" coveredconditionals="0" statements="5" coveredstatements="5" elements="7" coveredelements="7"/>
        </class>
        <line num="21" type="method" name="setHourlyRateAttribute" visibility="public" complexity="1" crap="1" count="70"/>
        <line num="23" type="stmt" count="70"/>
        <line num="24" type="stmt" count="70"/>
        <line num="25" type="stmt" count="70"/>
        <line num="33" type="method" name="getHourlyRateAttribute" visibility="public" complexity="1" crap="1" count="7"/>
        <line num="35" type="stmt" count="7"/>
        <line num="36" type="stmt" count="7"/>
        <metrics loc="38" ncloc="26" classes="1" methods="2" coveredmethods="2" conditionals="0" coveredconditionals="0" statements="5" coveredstatements="5" elements="7" coveredelements="7"/>
      </file>
    </package>
    <package name="App\Providers">
      <file name="/Users/mikey/sites/trackr/app/Providers/AppServiceProvider.php">
        <class name="App\Providers\AppServiceProvider" namespace="App\Providers">
          <metrics complexity="2" methods="2" coveredmethods="2" conditionals="0" coveredconditionals="0" statements="2" coveredstatements="2" elements="4" coveredelements="4"/>
        </class>
        <line num="14" type="method" name="boot" visibility="public" complexity="1" crap="1" count="81"/>
        <line num="17" type="stmt" count="81"/>
        <line num="24" type="method" name="register" visibility="public" complexity="1" crap="1" count="81"/>
        <line num="27" type="stmt" count="81"/>
        <metrics loc="28" ncloc="14" classes="1" methods="2" coveredmethods="2" conditionals="0" coveredconditionals="0" statements="2" coveredstatements="2" elements="4" coveredelements="4"/>
      </file>
      <file name="/Users/mikey/sites/trackr/app/Providers/AuthServiceProvider.php">
        <class name="App\Providers\AuthServiceProvider" namespace="App\Providers">
          <metrics complexity="1" methods="1" coveredmethods="1" conditionals="0" coveredconditionals="0" statements="2" coveredstatements="2" elements="3" coveredelements="3"/>
        </class>
        <line num="24" type="method" name="boot" visibility="public" complexity="1" crap="1" count="81"/>
        <line num="26" type="stmt" count="81"/>
        <line num="29" type="stmt" count="81"/>
        <metrics loc="30" ncloc="18" classes="1" methods="1" coveredmethods="1" conditionals="0" coveredconditionals="0" statements="2" coveredstatements="2" elements="3" coveredelements="3"/>
      </file>
      <file name="/Users/mikey/sites/trackr/app/Providers/BroadcastServiceProvider.php">
        <class name="App\Providers\BroadcastServiceProvider" namespace="App\Providers">
          <metrics complexity="1" methods="0" coveredmethods="0" conditionals="0" coveredconditionals="0" statements="0" coveredstatements="0" elements="0" coveredelements="0"/>
        </class>
        <metrics loc="24" ncloc="16" classes="0" methods="0" coveredmethods="0" conditionals="0" coveredconditionals="0" statements="0" coveredstatements="0" elements="0" coveredelements="0"/>
      </file>
      <file name="/Users/mikey/sites/trackr/app/Providers/EventServiceProvider.php">
        <class name="App\Providers\EventServiceProvider" namespace="App\Providers">
          <metrics complexity="1" methods="1" coveredmethods="1" conditionals="0" coveredconditionals="0" statements="2" coveredstatements="2" elements="3" coveredelements="3"/>
        </class>
        <line num="26" type="method" name="boot" visibility="public" complexity="1" crap="1" count="81"/>
        <line num="28" type="stmt" count="81"/>
        <line num="31" type="stmt" count="81"/>
        <metrics loc="32" ncloc="20" classes="1" methods="1" coveredmethods="1" conditionals="0" coveredconditionals="0" statements="2" coveredstatements="2" elements="3" coveredelements="3"/>
      </file>
      <file name="/Users/mikey/sites/trackr/app/Providers/RouteServiceProvider.php">
        <class name="App\Providers\RouteServiceProvider" namespace="App\Providers">
          <metrics complexity="4" methods="4" coveredmethods="4" conditionals="0" coveredconditionals="0" statements="13" coveredstatements="13" elements="17" coveredelements="17"/>
        </class>
        <line num="26" type="method" name="boot" visibility="public" complexity="1" crap="1" count="81"/>
        <line num="30" type="stmt" count="81"/>
        <line num="31" type="stmt" count="81"/>
        <line num="38" type="method" name="map" visibility="public" complexity="1" crap="1" count="81"/>
        <line num="40" type="stmt" count="81"/>
        <line num="42" type="stmt" count="81"/>
        <line num="45" type="stmt" count="81"/>
        <line num="54" type="method" name="mapWebRoutes" visibility="protected" complexity="1" crap="1" count="81"/>
        <line num="56" type="stmt" count="81"/>
        <line num="57" type="stmt" count="81"/>
        <line num="58" type="stmt" count="81"/>
        <line num="59" type="stmt" count="81"/>
        <line num="68" type="method" name="mapApiRoutes" visibility="protected" complexity="1" crap="1" count="81"/>
        <line num="70" type="stmt" count="81"/>
        <line num="71" type="stmt" count="81"/>
        <line num="72" type="stmt" count="81"/>
        <line num="73" type="stmt" count="81"/>
        <metrics loc="74" ncloc="39" classes="1" methods="4" coveredmethods="4" conditionals="0" coveredconditionals="0" statements="13" coveredstatements="13" elements="17" coveredelements="17"/>
      </file>
    </package>
    <metrics files="38" loc="1888" ncloc="1209" classes="30" methods="95" coveredmethods="95" conditionals="0" coveredconditionals="0" statements="254" coveredstatements="254" elements="349" coveredelements="349"/>
  </project>
</coverage>
